2026-02-05 11:22:19,581 INFO Set uid to user 0 succeeded
2026-02-05 11:22:19,582 INFO supervisord started with pid 1
2026-02-05 11:22:20,586 INFO spawned: 'php-fpm' with pid 7
2026-02-05 11:22:20,593 INFO spawned: 'nginx' with pid 8
2026-02-05 11:22:21,681 INFO success: php-fpm entered RUNNING state, process has stayed up for > than 1 seconds (startsecs)
2026-02-05 11:22:21,681 INFO success: nginx entered RUNNING state, process has stayed up for > than 1 seconds (startsecs)
2026-02-05 11:25:36,379 WARN received SIGQUIT indicating exit request
2026-02-05 11:25:36,379 INFO waiting for php-fpm, nginx to die
2026-02-05 11:25:36,388 INFO stopped: nginx (exit status 0)
2026-02-05 11:25:36,392 INFO stopped: php-fpm (exit status 0)
2026-02-06 06:36:19,256 INFO Set uid to user 0 succeeded
2026-02-06 06:36:19,257 INFO supervisord started with pid 1
2026-02-06 06:36:20,260 INFO spawned: 'php-fpm' with pid 7
2026-02-06 06:36:20,263 INFO spawned: 'nginx' with pid 8
2026-02-06 06:36:21,298 INFO success: php-fpm entered RUNNING state, process has stayed up for > than 1 seconds (startsecs)
2026-02-06 06:36:21,298 INFO success: nginx entered RUNNING state, process has stayed up for > than 1 seconds (startsecs)
2026-02-06 14:41:33,613 WARN received SIGQUIT indicating exit request
2026-02-06 14:41:33,638 INFO waiting for php-fpm, nginx to die
2026-02-06 14:41:33,691 INFO stopped: nginx (exit status 0)
2026-02-06 14:41:33,881 INFO stopped: php-fpm (exit status 0)
2026-02-07 16:06:58,907 INFO Set uid to user 0 succeeded
2026-02-07 16:06:58,911 INFO supervisord started with pid 1
2026-02-07 16:06:59,913 INFO spawned: 'php-fpm' with pid 7
2026-02-07 16:06:59,914 INFO spawned: 'nginx' with pid 8
2026-02-07 16:07:01,120 INFO success: php-fpm entered RUNNING state, process has stayed up for > than 1 seconds (startsecs)
2026-02-07 16:07:01,120 INFO success: nginx entered RUNNING state, process has stayed up for > than 1 seconds (startsecs)
2026-02-07 20:37:02,652 WARN received SIGQUIT indicating exit request
2026-02-07 20:37:02,653 INFO waiting for php-fpm, nginx to die
2026-02-07 20:37:02,658 INFO stopped: nginx (exit status 0)
2026-02-07 20:37:02,668 INFO stopped: php-fpm (exit status 0)
2026-02-08 06:37:02,910 INFO Set uid to user 0 succeeded
2026-02-08 06:37:02,920 INFO supervisord started with pid 1
2026-02-08 06:37:03,922 INFO spawned: 'php-fpm' with pid 7
2026-02-08 06:37:03,923 INFO spawned: 'nginx' with pid 8
2026-02-08 06:37:05,833 INFO success: php-fpm entered RUNNING state, process has stayed up for > than 1 seconds (startsecs)
2026-02-08 06:37:05,833 INFO success: nginx entered RUNNING state, process has stayed up for > than 1 seconds (startsecs)
2026-02-08 07:45:36,963 WARN received SIGQUIT indicating exit request
2026-02-08 07:45:36,963 INFO waiting for php-fpm, nginx to die
2026-02-08 07:45:36,966 INFO stopped: nginx (exit status 0)
2026-02-08 07:45:36,973 INFO stopped: php-fpm (exit status 0)
2026-02-08 09:11:03,859 INFO Set uid to user 0 succeeded
2026-02-08 09:11:03,866 INFO supervisord started with pid 1
2026-02-08 09:11:04,867 INFO spawned: 'php-fpm' with pid 7
2026-02-08 09:11:04,868 INFO spawned: 'nginx' with pid 8
2026-02-08 09:11:06,029 INFO success: php-fpm entered RUNNING state, process has stayed up for > than 1 seconds (startsecs)
2026-02-08 09:11:06,029 INFO success: nginx entered RUNNING state, process has stayed up for > than 1 seconds (startsecs)
2026-02-08 10:14:46,944 WARN received SIGQUIT indicating exit request
2026-02-08 10:14:46,963 INFO waiting for php-fpm, nginx to die
2026-02-08 10:14:46,991 INFO stopped: nginx (exit status 0)
2026-02-08 10:14:47,074 INFO stopped: php-fpm (exit status 0)
2026-02-08 10:20:19,673 INFO Set uid to user 0 succeeded
2026-02-08 10:20:19,677 INFO supervisord started with pid 1
2026-02-08 10:20:20,680 INFO spawned: 'php-fpm' with pid 7
2026-02-08 10:20:20,684 INFO spawned: 'nginx' with pid 8
2026-02-08 10:20:21,893 INFO success: php-fpm entered RUNNING state, process has stayed up for > than 1 seconds (startsecs)
2026-02-08 10:20:21,893 INFO success: nginx entered RUNNING state, process has stayed up for > than 1 seconds (startsecs)
